48947 180 140
48947 180 140
27073 180 142
27073 180 142
43049 79 29
43049 79 29
25491 80 31
25491 80 31
25603 81 32
25603 81 32
48311 177 179
48311 177 179
47977 119 6
47977 119 6
30173 185 71
30173 185 71
44963 186 74
44963 186 74
27690 190 72
27690 190 72
48873 75 30
48873 75 30
44020 75 33
44020 75 33
47764 83 26
47764 83 26
42359 164 154
42359 164 154
41893 2 110
41893 2 110
32375 138 159
32375 138 159
41149 142 159
41149 142 159
25360 99 174
25360 99 174
39241 102 178
39241 102 178
37061 164 87
37061 164 87
36709 132 110
36709 132 110
35839 95 22
35839 95 22
43980 80 152
43980 80 152
34819 84 148
34819 84 148
43015 87 150
43015 87 150
32831 192 143
32831 192 143
28754 194 140
28754 194 140
32579 175 9
32579 175 9
32569 200 155
32569 200 155
32321 37 55
32321 37 55
47935 142 23
47935 142 23
32117 146 23
32117 146 23
30697 25 169
30697 25 169
29717 184 21
29717 184 21
28789 89 59
28789 89 59
28183 86 81
28183 86 81
27997 1 126
27997 1 126
27437 155 29
27437 155 29
29660 68 35
29660 68 35
27277 69 34
27277 69 34
48198 39 11
48198 39 11
42380 42 9
42380 42 9
26881 43 12
26881 43 12
38260 59 169
38260 59 169
26669 62 169
26669 62 169
26459 185 149
26459 185 149
26203 148 17
26203 148 17
26107 135 185
26107 135 185
29490 1 165
29490 1 165
24732 3 45
24732 3 45
26831 4 11
26831 4 11
41146 4 48
41146 4 48
34889 5 63
34889 5 63
47751 5 170
47751 5 170
25672 9 147
25672 9 147
26516 11 1
26516 11 1
32572 11 200
32572 11 200
36021 12 160
36021 12 160
27974 14 59
27974 14 59
25606 14 110
25606 14 110
38043 14 119
38043 14 119
37858 14 140
37858 14 140
44661 14 189
44661 14 189
37918 15 152
37918 15 152
32458 16 90
32458 16 90
27507 16 155
27507 16 155
34295 17 25
34295 17 25
33980 17 73
33980 17 73
43015 17 105
43015 17 105
26435 17 171
26435 17 171
46391 17 177
46391 17 177
26844 18 54
26844 18 54
28253 18 115
28253 18 115
26567 18 181
26567 18 181
30666 18 191
30666 18 191
37734 19 70
37734 19 70
31129 23 196
31129 23 196
32608 24 26
32608 24 26
37862 25 12
37862 25 12
27246 25 24
27246 25 24
32871 25 72
32871 25 72
36193 25 73
36193 25 73
25172 25 135
25172 25 135
27552 26 71
27552 26 71
33876 27 39
33876 27 39
35248 27 63
35248 27 63
28295 28 3
28295 28 3
25085 28 6
25085 28 6
31335 28 143
31335 28 143
30021 29 164
30021 29 164
48630 30 192
48630 30 192
32966 31 50
32966 31 50
37899 31 71
37899 31 71
48285 32 22
48285 32 22
39498 32 99
39498 32 99
39105 33 65
39105 33 65
26846 33 156
26846 33 156
44900 35 6
44900 35 6
28080 35 78
28080 35 78
33816 37 95
33816 37 95
40402 37 145
40402 37 145
48706 37 171
48706 37 171
42816 37 193
42816 37 193
29538 38 142
29538 38 142
46615 38 173
46615 38 173
37052 39 135
37052 39 135
47063 40 30
47063 40 30
42207 40 37
42207 40 37
28237 40 179
28237 40 179
41502 41 40
41502 41 40
38880 41 186
38880 41 186
38738 42 22
38738 42 22
38384 43 62
38384 43 62
25823 43 117
25823 43 117
37233 44 45
37233 44 45
46844 44 118
46844 44 118
38929 45 22
38929 45 22
29904 45 52
29904 45 52
42477 45 54
42477 45 54
36386 45 70
36386 45 70
29792 45 123
29792 45 123
34393 46 160
34393 46 160
31229 48 10
31229 48 10
33299 48 119
33299 48 119
36822 48 155
36822 48 155
33802 49 138
33802 49 138
48495 49 139
48495 49 139
42413 49 191
42413 49 191
41009 51 48
41009 51 48
42328 53 12
42328 53 12
39302 53 77
39302 53 77
29751 54 44
29751 54 44
38484 56 159
38484 56 159
33087 57 80
33087 57 80
32896 57 153
32896 57 153
32373 58 14
32373 58 14
48739 58 106
48739 58 106
34521 60 61
34521 60 61
34737 62 148
34737 62 148
35555 62 195
35555 62 195
36186 63 20
36186 63 20
27030 63 124
27030 63 124
43463 63 144
43463 63 144
45108 65 9
45108 65 9
43460 66 100
43460 66 100
41416 68 134
41416 68 134
43638 69 193
43638 69 193
37909 69 194
37909 69 194
48454 70 47
48454 70 47
44066 70 84
44066 70 84
47886 71 2
47886 71 2
36347 71 84
36347 71 84
32997 71 169
32997 71 169
45493 73 174
45493 73 174
30745 74 32
30745 74 32
47195 74 122
47195 74 122
48974 74 177
48974 74 177
38490 75 78
38490 75 78
44598 77 42
44598 77 42
36995 77 58
36995 77 58
43901 78 166
43901 78 166
38088 79 82
38088 79 82
34552 80 14
34552 80 14
39893 80 21
39893 80 21
41626 80 122
41626 80 122
48816 81 57
48816 81 57
38785 82 183
38785 82 183
29323 84 42
29323 84 42
39418 85 185
39418 85 185
31959 86 182
31959 86 182
35876 88 17
35876 88 17
39154 88 96
39154 88 96
27254 88 160
27254 88 160
45327 88 168
45327 88 168
26346 89 159
26346 89 159
32471 90 93
32471 90 93
43926 90 181
43926 90 181
39358 91 86
39358 91 86
38632 91 188
38632 91 188
36283 93 146
36283 93 146
38972 93 188
38972 93 188
48832 97 165
48832 97 165
38182 98 27
38182 98 27
28203 99 66
28203 99 66
37314 99 117
37314 99 117
28780 99 161
28780 99 161
38584 100 32
38584 100 32
43876 100 57
43876 100 57
38337 100 115
38337 100 115
30492 101 194
30492 101 194
32646 102 30
32646 102 30
33222 102 81
33222 102 81
32551 102 168
32551 102 168
39348 103 39
39348 103 39
44120 105 30
44120 105 30
31348 105 69
31348 105 69
41784 105 141
41784 105 141
41167 105 169
41167 105 169
31483 106 188
31483 106 188
38207 106 196
38207 106 196
44205 107 149
44205 107 149
48579 109 105
48579 109 105
48922 109 125
48922 109 125
37572 111 16
37572 111 16
38418 111 128
38418 111 128
28015 111 152
28015 111 152
33019 112 13
33019 112 13
43910 112 49
43910 112 49
34201 113 86
34201 113 86
30405 114 20
30405 114 20
45913 114 31
45913 114 31
47101 114 98
47101 114 98
44327 114 107
44327 114 107
47666 115 153
47666 115 153
29230 115 163
29230 115 163
44055 116 12
44055 116 12
36990 116 61
36990 116 61
27708 116 126
27708 116 126
27134 117 21
27134 117 21
48370 117 149
48370 117 149
26352 117 153
26352 117 153
28457 117 179
28457 117 179
43877 118 151
43877 118 151
43542 118 190
43542 118 190
33050 119 103
33050 119 103
39677 119 162
39677 119 162
27505 120 71
27505 120 71
39215 120 149
39215 120 149
47071 121 188
47071 121 188
33958 122 92
33958 122 92
27582 122 111
27582 122 111
43959 123 36
43959 123 36
41223 123 62
41223 123 62
31772 124 4
31772 124 4
33411 124 114
33411 124 114
36020 125 2
36020 125 2
39642 126 94
39642 126 94
25175 127 30
25175 127 30
48108 127 42
48108 127 42
35679 128 29
35679 128 29
34908 129 56
34908 129 56
33524 129 118
33524 129 118
27546 130 34
27546 130 34
36565 130 85
36565 130 85
44235 130 87
44235 130 87
44885 131 68
44885 131 68
38931 132 4
38931 132 4
28296 133 62
28296 133 62
36886 133 199
36886 133 199
38356 134 200
38356 134 200
27002 136 156
27002 136 156
37193 137 112
37193 137 112
27602 138 46
27602 138 46
37945 138 119
37945 138 119
47194 139 144
47194 139 144
26207 140 115
26207 140 115
29991 140 121
29991 140 121
40406 142 34
40406 142 34
47669 142 39
47669 142 39
36145 144 5
36145 144 5
29249 144 59
29249 144 59
42249 145 3
42249 145 3
27350 145 104
27350 145 104
24948 146 37
24948 146 37
35761 148 138
35761 148 138
46435 149 9
46435 149 9
26291 149 76
26291 149 76
44206 149 195
44206 149 195
28467 151 65
28467 151 65
32357 151 111
32357 151 111
29316 152 181
29316 152 181
36024 153 45
36024 153 45
38604 153 96
38604 153 96
40259 155 5
40259 155 5
28772 155 49
28772 155 49
45635 157 156
45635 157 156
36196 158 124
36196 158 124
37349 159 165
37349 159 165
32153 160 38
32153 160 38
48525 160 67
48525 160 67
32252 161 28
32252 161 28
43559 161 137
43559 161 137
42922 162 62
42922 162 62
48191 162 97
48191 162 97
44083 164 179
44083 164 179
29467 165 4
29467 165 4
46136 166 175
46136 166 175
42925 167 53
42925 167 53
45487 168 7
45487 168 7
31916 168 58
31916 168 58
44331 169 52
44331 169 52
38517 169 54
38517 169 54
26025 169 74
26025 169 74
26010 169 78
26010 169 78
33686 169 118
33686 169 118
30982 169 195
30982 169 195
49018 170 49
49018 170 49
32622 170 162
32622 170 162
32100 172 167
32100 172 167
38234 173 34
38234 173 34
36179 175 75
36179 175 75
40222 176 57
40222 176 57
33308 176 64
33308 176 64
41688 176 122
41688 176 122
46222 177 4
46222 177 4
44755 177 21
44755 177 21
38675 179 173
38675 179 173
26341 180 47
26341 180 47
33475 180 48
33475 180 48
29139 180 72
29139 180 72
30730 180 150
30730 180 150
42173 181 8
42173 181 8
39267 181 38
39267 181 38
48105 181 72
48105 181 72
27543 181 113
27543 181 113
40055 182 65
40055 182 65
27811 182 176
27811 182 176
36315 183 6
36315 183 6
36915 183 12
36915 183 12
33194 183 47
33194 183 47
39757 183 117
39757 183 117
40371 184 197
40371 184 197
27219 185 52
27219 185 52
41102 185 100
41102 185 100
30409 185 155
30409 185 155
29000 185 161
29000 185 161
28059 186 139
28059 186 139
48118 188 137
48118 188 137
43784 189 69
43784 189 69
45918 189 136
45918 189 136
33055 190 65
33055 190 65
39577 190 183
39577 190 183
48701 191 10
48701 191 10
39530 191 69
39530 191 69
26247 192 38
26247 192 38
28023 192 175
28023 192 175
31685 193 7
31685 193 7
29830 193 121
29830 193 121
35544 193 186
35544 193 186
32408 194 120
32408 194 120
47296 195 13
47296 195 13
25578 195 85
25578 195 85
29234 196 130
29234 196 130
44951 197 29
44951 197 29
30812 197 86
30812 197 86
41709 198 108
41709 198 108
33814 199 97
33814 199 97
27045 199 143
27045 199 143
38429 199 169
38429 199 169
36954 199 178
36954 199 178
33979 200 48
33979 200 48
33823 200 50
33823 200 50
44733 200 98
44733 200 98
47178 200 149
47178 200 149
34860 200 194
34860 200 194
